::1 - - [16/Jul/2025 00:53:39] "GET /settings.html HTTP/1.1" 200 -
::1 - - [16/Jul/2025 00:53:40] "GET /components/common-styles.css HTTP/1.1" 200 -
::1 - - [16/Jul/2025 00:53:40] "GET /components/i18n.js HTTP/1.1" 200 -
::1 - - [16/Jul/2025 00:53:40] "GET /components/standard-layout.css HTTP/1.1" 200 -
::1 - - [16/Jul/2025 00:53:40] "GET /components/user-dropdown.css HTTP/1.1" 200 -
::1 - - [16/Jul/2025 00:53:40] "GET /components/simple-message-icon.js HTTP/1.1" 200 -
::1 - - [16/Jul/2025 00:53:40] "GET /components/header-nav.js HTTP/1.1" 200 -
::1 - - [16/Jul/2025 00:53:40] "GET /components/user-menu-link.js HTTP/1.1" 200 -
::1 - - [16/Jul/2025 00:53:40] "GET /components/i18n.css HTTP/1.1" 304 -
::1 - - [16/Jul/2025 00:53:40] "GET /components/notification-center.css HTTP/1.1" 200 -
::1 - - [16/Jul/2025 00:53:40] "GET /components/header-nav.css HTTP/1.1" 200 -
::1 - - [16/Jul/2025 00:53:40] "GET /components/user-dropdown-simple-new.js HTTP/1.1" 200 -
::1 - - [16/Jul/2025 00:53:40] "GET /logo.png HTTP/1.1" 200 -
::1 - - [16/Jul/2025 00:53:40] code 404, message File not found
::1 - - [16/Jul/2025 00:53:40] "GET /favicon.ico HTTP/1.1" 404 -
::1 - - [16/Jul/2025 00:55:10] "GET /settings.html HTTP/1.1" 200 -
::1 - - [16/Jul/2025 00:55:10] "GET /components/i18n.js HTTP/1.1" 304 -
::1 - - [16/Jul/2025 00:55:10] "GET /components/header-nav.js HTTP/1.1" 304 -
::1 - - [16/Jul/2025 00:55:49] "GET /settings.html HTTP/1.1" 304 -
::1 - - [16/Jul/2025 00:55:49] "GET /components/i18n.js HTTP/1.1" 304 -
::1 - - [16/Jul/2025 00:55:49] "GET /components/header-nav.js HTTP/1.1" 304 -
::1 - - [16/Jul/2025 00:56:33] "GET /settings.html HTTP/1.1" 304 -
::1 - - [16/Jul/2025 00:56:33] "GET /components/i18n.js HTTP/1.1" 304 -
::1 - - [16/Jul/2025 00:56:33] "GET /components/header-nav.js HTTP/1.1" 304 -
::1 - - [16/Jul/2025 00:56:38] "GET /operation-log-page.html HTTP/1.1" 200 -
::1 - - [16/Jul/2025 00:56:38] "GET /components/pagination.js HTTP/1.1" 200 -
::1 - - [16/Jul/2025 00:56:38] "GET /components/pagination.css HTTP/1.1" 200 -
::1 - - [16/Jul/2025 00:56:38] "GET /components/drawer-component.js HTTP/1.1" 304 -
::1 - - [16/Jul/2025 00:56:38] "GET /components/drawer-component.css HTTP/1.1" 200 -
::1 - - [16/Jul/2025 00:56:39] "GET /push-strategy-page.html HTTP/1.1" 200 -
::1 - - [16/Jul/2025 00:56:40] "GET /001.html HTTP/1.1" 200 -
::1 - - [16/Jul/2025 00:56:42] "GET /family-new.html HTTP/1.1" 200 -
::1 - - [16/Jul/2025 00:56:43] "GET /002.html HTTP/1.1" 200 -
::1 - - [16/Jul/2025 00:56:43] "GET /components/time-selector.js HTTP/1.1" 200 -
::1 - - [16/Jul/2025 00:56:43] "GET /components/user-menu.js HTTP/1.1" 200 -
::1 - - [16/Jul/2025 00:56:43] "GET /components/time-selector.css HTTP/1.1" 200 -
::1 - - [16/Jul/2025 00:56:45] "GET /index.html HTTP/1.1" 200 -
::1 - - [16/Jul/2025 00:56:45] "GET /fix-charts-dom-ready.js HTTP/1.1" 200 -
::1 - - [16/Jul/2025 00:56:48] "GET /settings.html HTTP/1.1" 304 -
